<?xml version="1.0" encoding="UTF-8"?>
<testng-results ignored="0" total="1" passed="1" failed="0" skipped="0">
  <reporter-output>
  </reporter-output>
  <suite started-at="2022-09-15T23:42:32 IST" name="Default suite" finished-at="2022-09-15T23:42:44 IST" duration-ms="11635">
    <groups>
    </groups>
    <test started-at="2022-09-15T23:42:32 IST" name="Default test" finished-at="2022-09-15T23:42:44 IST" duration-ms="11635">
      <class name="sprinto.HomePage">
        <test-method signature="bookingPage()[pri:0, instance:sprinto.HomePage@506ae4d4]" started-at="2022-09-15T23:42:32 IST" name="bookingPage" finished-at="2022-09-15T23:42:44 IST" duration-ms="11596" status="PASS">
          <reporter-output>
          </reporter-output>
        </test-method> <!-- bookingPage -->
      </class> <!-- sprinto.HomePage -->
    </test> <!-- Default test -->
  </suite> <!-- Default suite -->
</testng-results>
