<?xml version="1.0" encoding="UTF-8"?>
<!-- Generated by org.testng.reporters.JUnitXMLReporter -->
<testsuite ignored="0" hostname="TTNDALAPLIN009" failures="0" tests="3" name="Test" time="0.035" errors="0" timestamp="2022-06-19T09:40:00 IST">
  <testcase classname="testNg.BaseClass" name="verifyLogin" time="0.005"/>
  <testcase classname="testNg.BaseClass" name="verifyLoginErrVald" time="0.001"/>
  <testcase classname="testNg.BaseClass" name="verifyLoginSuccVald" time="0.002"/>
</testsuite> <!-- Test -->
