<?xml version="1.0" encoding="UTF-8"?>
<!-- Generated by org.testng.reporters.JUnitXMLReporter -->
<testsuite ignored="10" hostname="TTNDALAPLIN009" failures="0" tests="2" name="New Test" time="0.033" errors="0" timestamp="2022-06-19T11:34:45 IST">
  <testcase classname="testNg.Campaign" name="addCampaign" time="0.004"/>
  <testcase classname="testNg.Template" name="addTemplate" time="0.001"/>
  <testcase classname="testNg.BaseClass" name="@AfterSuite afterSuite" time="0.0">
    <ignored/>
  </testcase> <!-- @AfterSuite afterSuite -->
  <testcase classname="testNg.Campaign" name="verifyCampaignErrMsg" time="0.0">
    <ignored/>
  </testcase> <!-- verifyCampaignErrMsg -->
  <testcase classname="testNg.Campaign" name="cloneCampaign" time="0.0">
    <ignored/>
  </testcase> <!-- cloneCampaign -->
  <testcase classname="testNg.Campaign" name="verifyLoginSkipVald" time="0.0">
    <ignored/>
  </testcase> <!-- verifyLoginSkipVald -->
  <testcase classname="testNg.BaseClass" name="@BeforeSuite beforeSuite" time="0.0">
    <ignored/>
  </testcase> <!-- @BeforeSuite beforeSuite -->
  <testcase classname="testNg.Template" name="editTemplate" time="0.0">
    <ignored/>
  </testcase> <!-- editTemplate -->
  <testcase classname="testNg.BaseClass" name="@AfterTest afterTest" time="0.0">
    <ignored/>
  </testcase> <!-- @AfterTest afterTest -->
  <testcase classname="testNg.Campaign" name="searchCampaign" time="0.0">
    <ignored/>
  </testcase> <!-- searchCampaign -->
  <testcase classname="testNg.BaseClass" name="@BeforeTest beforeTest" time="0.0">
    <ignored/>
  </testcase> <!-- @BeforeTest beforeTest -->
  <testcase classname="testNg.Template" name="searchTemplate" time="0.0">
    <ignored/>
  </testcase> <!-- searchTemplate -->
</testsuite> <!-- New Test -->
