<?xml version="1.0" encoding="UTF-8"?>
<!-- Generated by org.testng.reporters.JUnitXMLReporter -->
<testsuite ignored="4" hostname="TTNDALAPLIN009" failures="0" tests="1" name="Test_1" time="0.022" errors="0" timestamp="2022-06-19T11:38:30 IST">
  <testcase classname="testNg.Campaign" name="addCampaign" time="0.004"/>
  <testcase classname="testNg.Campaign" name="verifyCampaignErrMsg" time="0.0">
    <ignored/>
  </testcase> <!-- verifyCampaignErrMsg -->
  <testcase classname="testNg.Campaign" name="cloneCampaign" time="0.0">
    <ignored/>
  </testcase> <!-- cloneCampaign -->
  <testcase classname="testNg.Campaign" name="verifyLoginSkipVald" time="0.0">
    <ignored/>
  </testcase> <!-- verifyLoginSkipVald -->
  <testcase classname="testNg.Campaign" name="searchCampaign" time="0.0">
    <ignored/>
  </testcase> <!-- searchCampaign -->
</testsuite> <!-- Test_1 -->
