<?xml version="1.0" encoding="UTF-8"?>
<!-- Generated by org.testng.reporters.JUnitXMLReporter -->
<testsuite ignored="2" hostname="TTNDALAPLIN009" failures="0" tests="1" name="Test_2" time="0.005" errors="0" timestamp="2022-06-19T11:38:30 IST">
  <testcase classname="testNg.Template" name="addTemplate" time="0.001"/>
  <testcase classname="testNg.Template" name="editTemplate" time="0.0">
    <ignored/>
  </testcase> <!-- editTemplate -->
  <testcase classname="testNg.Template" name="searchTemplate" time="0.0">
    <ignored/>
  </testcase> <!-- searchTemplate -->
</testsuite> <!-- Test_2 -->
